<?xml version="1.0" encoding="UTF-8"?>
<!-- Generated by org.testng.reporters.JUnitReportReporter -->
<testsuite hostname="Pavan-Lenova" failures="0" tests="2" name="testCases.TC001_AccountRegistrationTest" time="5.827" errors="0" timestamp="2024-05-08T08:07:28 IST" skipped="0">
  <testcase classname="testCases.TC001_AccountRegistrationTest" name="verify_account_registration" time="2.893"/>
  <testcase classname="testCases.TC001_AccountRegistrationTest" name="verify_account_registration" time="2.934"/>
</testsuite> <!-- testCases.TC001_AccountRegistrationTest -->
