<?xml version="1.0" encoding="UTF-8"?>
<!-- Generated by org.testng.reporters.JUnitReportReporter -->
<testsuite hostname="Pavan-Lenova" failures="0" tests="2" name="testCases.TC002_LoginTest" time="4.065" errors="0" timestamp="2024-05-08T08:07:28 IST" skipped="0">
  <testcase classname="testCases.TC002_LoginTest" name="verify_login" time="2.029"/>
  <testcase classname="testCases.TC002_LoginTest" name="verify_login" time="2.036"/>
</testsuite> <!-- testCases.TC002_LoginTest -->
