<?xml version="1.0" encoding="UTF-8"?>
<!-- Generated by org.testng.reporters.JUnitReportReporter -->
<testsuite hostname="DESKTOP-86B7SHQ" failures="0" tests="1" name="testCases.TC001_AccountRegistrationTest" time="4.937" errors="0" timestamp="2025-06-23T17:31:18 IST" skipped="0">
  <testcase classname="testCases.TC001_AccountRegistrationTest" name="verify_account_registration" time="4.937"/>
</testsuite> <!-- testCases.TC001_AccountRegistrationTest -->
